18:55:03.879 INFO [GridLauncherV3.parse] - Selenium server version: 3.141.59, revision: e82be7d358
18:55:03.953 INFO [GridLauncherV3.lambda$buildLaunchers$3] - Launching a standalone Selenium Server on port 4444
2019-10-24 18:55:04.007:INFO::main: Logging initialized @317ms to org.seleniumhq.jetty9.util.log.StdErrLog
18:55:04.269 INFO [WebDriverServlet.<init>] - Initialising WebDriverServlet
18:55:04.372 INFO [SeleniumServer.boot] - Selenium Server is up and running on port 4444
18:55:04.602 INFO [ActiveSessionFactory.apply] - Capabilities are: {
  "acceptSslCerts": true,
  "browserName": "chrome",
  "chromeOptions": {
    "w3c": false
  },
  "name": "Best Buy"
}
18:55:04.605 INFO [ActiveSessionFactory.lambda$apply$11] - Matched factory org.openqa.selenium.grid.session.remote.ServicedSession$Factory (provider: org.openqa.selenium.chrome.ChromeDriverService)
Starting ChromeDriver 77.0.3865.40 (f484704e052e0b556f8030b65b953dce96503217-refs/branch-heads/3865@{#442}) on port 20754
Only local connections are allowed.
Please protect ports used by ChromeDriver and related test frameworks to prevent access by malicious code.
[1571964905.899][WARNING]: This version of ChromeDriver has not been tested with Chrome version 78.
18:55:06.229 INFO [ProtocolHandshake.createSession] - Detected dialect: OSS
18:55:06.650 INFO [RemoteSession$Factory.lambda$performHandshake$0] - Started new session 1028b8e0e856034bd6189f043e4d6191 (org.openqa.selenium.chrome.ChromeDriverService)
18:56:45.706 INFO [ActiveSessions$1.onStop] - Removing session 1028b8e0e856034bd6189f043e4d6191 (org.openqa.selenium.chrome.ChromeDriverService)
